2025-02-10 11:58:32,235 INFO:file_cache is only supported with oauth2client<4.0.0
2025-02-10 12:14:13,231 INFO:"GET /?state=uHDpfvdQ8OztbO0WAMfgZ9YfTTrszT&code=4/0ASVgi3L3_dFuwDVDKMHYlj49ohdRrIgzrfkTIAt4kp3mhDJa9oJJRH_Usc7AHS5OwIbq0w&scope=https://www.googleapis.com/auth/gmail.readonly HTTP/1.1" 200 65
2025-02-10 12:14:13,415 INFO:file_cache is only supported with oauth2client<4.0.0
2025-02-10 12:14:15,510 INFO:Successfully saved: STU1933JANUARY-2025MONTH_BILL.pdf
2025-02-10 12:14:17,234 INFO:Successfully saved: TaxInvoiceKA1242501CW15931.pdf
2025-02-10 12:14:18,379 INFO:Successfully saved: TaxInvoiceKA1242501CV85425.pdf
2025-02-10 12:14:18,977 INFO:Successfully saved: TaxInvoiceKA1242501CV68667.pdf
2025-02-10 12:14:28,937 INFO:Successfully saved: T3AACHQ_GST_Invoice.pdf
2025-02-10 12:14:29,890 INFO:Successfully saved: STU1933DECEMBER-2024MONTH_BILL.pdf
2025-02-10 12:14:30,601 INFO:Successfully saved: BMS_Invoice_4528144796.pdf
2025-02-10 12:14:33,997 INFO:Successfully saved: STU1933NOVEMBER-2024MONTH_BILL.pdf
2025-02-10 12:14:35,055 INFO:Successfully saved: TaxInvoiceKA1242511CH51867.pdf
2025-02-10 12:14:35,604 INFO:Successfully saved: GSTCreditNoteGJ2242511AD05017.pdf
2025-02-10 12:14:36,187 INFO:Successfully saved: GSTCreditNoteKA2242511AG24782.pdf
2025-02-10 12:14:36,739 INFO:Successfully saved: TaxInvoiceGJ1242511AZ52440.pdf
2025-02-10 12:14:39,903 INFO:Successfully saved: TaxInvoiceKA1242511CE91001.pdf
2025-02-10 12:14:40,409 INFO:Successfully saved: TaxInvoiceGJ1242511AY38556.pdf
2025-02-10 12:14:42,003 INFO:Successfully saved: Invoice_4469299663.pdf
2025-02-10 12:14:45,379 INFO:Successfully saved: STU1933OCTOBER-2024MONTH_BILL.pdf
2025-02-10 12:14:46,824 INFO:Successfully saved: STU1933SEPTEMBER-2024MONTH_BILL.pdf
2025-02-10 12:14:48,313 INFO:Successfully saved: 6Sep24 policy_reciept_421400-48-2025-1710.pdf
2025-02-10 12:14:48,318 INFO:Successfully saved: Valid 17Sep25 policy_document_421400-48-2025-1710.pdf
2025-02-10 12:14:49,275 INFO:Successfully saved: STU1933AUGUST-2024MONTH_BILL.pdf
2025-02-10 12:14:50,726 INFO:Successfully saved: Capstone Project_Guidelines-2024.docx.pdf
2025-02-10 12:14:51,827 INFO:Successfully saved: Capstone Project_Guidelines-2024.docx.pdf
2025-02-10 12:14:52,519 INFO:Successfully saved: Capstone Project_Guidelines-2024.docx.pdf
2025-02-10 12:14:53,939 INFO:Successfully saved: STU1933JULY-2024MONTH_BILL.pdf
2025-02-10 12:14:56,064 INFO:Successfully saved: 1455.pdf
2025-02-10 12:14:56,067 INFO:Successfully saved: 1456.pdf
2025-02-10 12:14:56,071 INFO:Successfully saved: 1457.pdf
2025-02-10 12:14:58,386 INFO:Successfully saved: 1455.pdf
2025-02-10 12:14:58,389 INFO:Successfully saved: 1456.pdf
2025-02-10 12:14:58,392 INFO:Successfully saved: 1457.pdf
2025-02-10 12:14:59,790 INFO:Successfully saved: STU1933JUNE-2024MONTH_BILL.pdf
2025-02-10 12:15:00,680 INFO:Successfully saved: STU1933MAY-2024MONTH_BILL.pdf
2025-02-10 12:15:01,956 INFO:Successfully saved: STU1933APRIL-2024MONTH_BILL.pdf
2025-02-10 12:15:08,926 INFO:Successfully saved: 122-Kriti.pdf
2025-02-10 12:15:10,368 INFO:Successfully saved: 069-Kriti.pdf
2025-02-10 12:15:10,371 INFO:Successfully saved: Receipt-Kriti.pdf
2025-02-10 12:15:11,138 INFO:Successfully saved: Invoice no. 185 Kriti Bharadwaj  IGST.pdf
2025-02-10 12:15:13,906 INFO:Successfully saved: Receipt-Kriti.pdf
2025-02-10 12:15:15,120 INFO:Successfully saved: 425-Kriti.pdf
2025-02-10 12:15:16,042 INFO:Successfully saved: Receipt-Kriti.pdf
2025-02-10 12:15:17,271 INFO:Successfully saved: 246-Kriti.pdf
2025-02-10 12:15:18,524 INFO:Successfully saved: 246-Kriti.pdf
2025-02-10 12:15:19,387 INFO:Successfully saved: Receipt-Kriti.pdf
2025-02-10 12:15:20,194 INFO:Successfully saved: 193-Kriti.pdf
2025-02-10 12:15:41,310 INFO:file_cache is only supported with oauth2client<4.0.0
2025-02-10 12:15:44,621 INFO:Successfully saved: STU1933JANUARY-2025MONTH_BILL.pdf
2025-02-10 12:15:46,918 INFO:Successfully saved: TaxInvoiceKA1242501CW15931.pdf
2025-02-10 12:15:47,631 INFO:Successfully saved: TaxInvoiceKA1242501CV85425.pdf
2025-02-10 12:15:48,294 INFO:Successfully saved: TaxInvoiceKA1242501CV68667.pdf
2025-02-10 12:24:25,432 INFO:file_cache is only supported with oauth2client<4.0.0
2025-02-10 12:24:26,454 WARNING:Encountered 403 Forbidden with reason "forbidden"
2025-02-10 12:25:12,916 INFO:file_cache is only supported with oauth2client<4.0.0
2025-02-10 12:25:13,814 WARNING:Encountered 403 Forbidden with reason "forbidden"
2025-02-10 12:28:33,783 INFO:file_cache is only supported with oauth2client<4.0.0
2025-02-10 12:28:34,277 WARNING:Encountered 403 Forbidden with reason "forbidden"
2025-02-10 12:28:39,093 INFO:file_cache is only supported with oauth2client<4.0.0
2025-02-10 12:28:39,569 WARNING:Encountered 403 Forbidden with reason "forbidden"
2025-02-10 12:30:28,098 INFO:"GET /?state=6GMMshVHvj81EsbtX06yJZJC1J6Xxc&code=4/0ASVgi3Lws71tBwGfOPJyFUknAF4_q72gv05XefGCN8tovajIpNzrTx2nRHgWWpi14W-cJg&scope=https://www.googleapis.com/auth/gmail.readonly HTTP/1.1" 200 65
2025-02-10 12:30:28,346 INFO:file_cache is only supported with oauth2client<4.0.0
2025-02-10 12:30:29,977 INFO:Successfully saved: PES1UG22CS295_Quiz.pdf
2025-02-10 12:30:33,627 INFO:file_cache is only supported with oauth2client<4.0.0
2025-02-10 12:30:36,589 INFO:Successfully saved: PES1UG22CS295_Quiz.pdf
2025-02-10 12:40:00,490 INFO:file_cache is only supported with oauth2client<4.0.0
2025-02-10 12:40:03,424 INFO:Successfully saved: PES1UG22CS295_Quiz.pdf
2025-02-10 12:42:57,712 INFO:file_cache is only supported with oauth2client<4.0.0
2025-02-10 12:43:00,553 INFO:Successfully saved: PES1UG22CS295_Quiz.pdf
2025-02-10 12:43:47,108 INFO:file_cache is only supported with oauth2client<4.0.0
2025-02-10 12:43:48,654 INFO:Successfully saved: PES1UG22CS295_Quiz.pdf
2025-02-10 12:52:52,535 INFO:file_cache is only supported with oauth2client<4.0.0
2025-02-10 12:52:53,513 INFO:Successfully saved: PES1UG22CS295_Quiz.pdf
2025-02-10 12:55:43,836 INFO:file_cache is only supported with oauth2client<4.0.0
2025-02-10 12:55:46,699 INFO:Successfully saved: Deloitte_Round2_abcd.pptx.pdf
2025-02-10 12:55:46,734 INFO:Successfully saved: 6th Sem RR Campus Course Information-pages.pdf
2025-02-10 12:55:53,207 INFO:Successfully saved: PES1UG22CS295_Quiz.pdf
